C:\Users\user\Desktop\store_for_str\payments\views.py changed, reloading.
Watching for file changes with StatReloader
C:\Users\user\Desktop\store_for_str\payments\views.py changed, reloading.
Watching for file changes with StatReloader
C:\Users\user\Desktop\store_for_str\payments\admin.py changed, reloading.
Watching for file changes with StatReloader
Watching for file changes with StatReloader
C:\Users\user\Desktop\store_for_str\home\settings.py changed, reloading.
Watching for file changes with StatReloader
C:\Users\user\Desktop\store_for_str\home\settings.py changed, reloading.
Watching for file changes with StatReloader
Watching for file changes with StatReloader
Watching for file changes with StatReloader
Watching for file changes with StatReloader
Watching for file changes with StatReloader
Watching for file changes with StatReloader
C:\Users\user\Desktop\store_for_str\home\settings.py changed, reloading.
Watching for file changes with StatReloader
C:\Users\user\Desktop\store_for_str\payment\admin.py changed, reloading.
Watching for file changes with StatReloader
Watching for file changes with StatReloader
Watching for file changes with StatReloader
Watching for file changes with StatReloader
C:\Users\user\Desktop\store_for_str\home\settings.py changed, reloading.
Watching for file changes with StatReloader
C:\Users\user\Desktop\store_for_str\payment\admin.py changed, reloading.
Watching for file changes with StatReloader
Watching for file changes with StatReloader
Watching for file changes with StatReloader
C:\Users\user\Desktop\store_for_str\home\settings.py changed, reloading.
Watching for file changes with StatReloader
Watching for file changes with StatReloader
Watching for file changes with StatReloader
Watching for file changes with StatReloader
C:\Users\user\Desktop\store_for_str\main\urls.py changed, reloading.
Watching for file changes with StatReloader
Not Found: /amo/callback
Not Found: /favicon.ico
Bad Request: /api/amo/callback/
C:\Users\user\Desktop\store_for_str\home\settings.py changed, reloading.
Watching for file changes with StatReloader
Bad Request: /api/amo/callback/
Bad Request: /api/amo/callback/
Forbidden (Origin checking failed - https://5516-37-110-214-103.ngrok-free.app does not match any trusted origins.): /admin/login/
C:\Users\user\Desktop\store_for_str\main\admin.py changed, reloading.
Watching for file changes with StatReloader
C:\Users\user\Desktop\store_for_str\main\amocrm.py changed, reloading.
Watching for file changes with StatReloader
Watching for file changes with StatReloader
Forbidden: /api/v1/payme/updates/
Forbidden: /api/v1/payme/updates/
Forbidden: /api/v1/payme/updates/
Forbidden: /api/v1/payme/updates/
Forbidden: /api/v1/payme/updates/
Forbidden: /api/v1/payme/updates/
Forbidden: /api/v1/payme/updates/
Forbidden: /api/v1/payme/updates/
Forbidden: /api/v1/payme/updates/
Forbidden: /api/v1/payme/updates/
Forbidden: /api/v1/payme/updates/
Forbidden: /api/v1/payme/updates/
Forbidden: /api/v1/payme/updates/
Forbidden: /api/v1/payme/updates/
Forbidden: /api/v1/payme/updates/
Forbidden: /api/v1/payme/updates/
Forbidden: /api/v1/payme/updates/
Forbidden: /api/v1/payme/updates/
Forbidden: /api/v1/payme/updates/
Forbidden: /api/v1/payme/updates/
Forbidden: /api/v1/payme/updates/
Forbidden: /api/v1/payme/updates/
Forbidden: /api/v1/payme/updates/
Forbidden: /api/v1/payme/updates/
Forbidden: /api/v1/payme/updates/
Forbidden: /api/v1/payme/updates/
Forbidden: /api/v1/payme/updates/
Forbidden: /api/v1/payme/updates/
Watching for file changes with StatReloader
C:\Users\user\Desktop\store_for_str\main\serializers.py changed, reloading.
Watching for file changes with StatReloader
C:\Users\user\Desktop\store_for_str\payment\pay\payme.py changed, reloading.
Watching for file changes with StatReloader
C:\Users\user\Desktop\store_for_str\payment\pay\click.py changed, reloading.
Watching for file changes with StatReloader
C:\Users\user\Desktop\store_for_str\payment\views.py changed, reloading.
Watching for file changes with StatReloader
C:\Users\user\Desktop\store_for_str\home\settings.py changed, reloading.
Watching for file changes with StatReloader
C:\Users\user\Desktop\store_for_str\main\serializers.py changed, reloading.
Watching for file changes with StatReloader
C:\Users\user\Desktop\store_for_str\main\serializers.py changed, reloading.
Watching for file changes with StatReloader
C:\Users\user\Desktop\store_for_str\main\serializers.py changed, reloading.
Watching for file changes with StatReloader
Watching for file changes with StatReloader
C:\Users\user\Desktop\store_for_str\payment\views.py changed, reloading.
Watching for file changes with StatReloader
Watching for file changes with StatReloader
C:\Users\user\Desktop\store_for_str\main\views.py changed, reloading.
Watching for file changes with StatReloader
C:\Users\user\Desktop\store_for_str\main\views.py changed, reloading.
